Numero de repeticoes: 10
Numero de elementos: 100000000
Numero de elementos a serem encontrados: 2048
Numero de Threads: 1

TIME_ARRAY:0.121370 0.096452 0.106820 0.119856 0.121195 0.106555 0.106788 0.096727 0.096679 0.107593
THROUGHPUT_ARRAY:0.823925 1.036781 0.936154 0.834332 0.825114 0.938482 0.936439 1.033838 1.034355 0.929428
Media tempo de execucao: 0.108003
Media vazao: 0.932885

Numero de Threads: 2
TIME_ARRAY:0.059182 0.060860 0.066188 0.055560 0.062400 0.065354 0.058212 0.066821 0.055980 0.056427
THROUGHPUT_ARRAY:1.689692 1.643106 1.510841 1.799867 1.602564 1.530137 1.717850 1.496538 1.786354 1.772217
Media tempo de execucao: 0.060698
Media vazao: 1.654917

Numero de Threads: 3
TIME_ARRAY:0.050418 0.045225 0.050223 0.045727 0.050263 0.080805 0.044067 0.045043 0.045016 0.047923
THROUGHPUT_ARRAY:1.983426 2.211184 1.991133 2.186872 1.989518 1.237554 2.269257 2.220096 2.221437 2.086680
Media tempo de execucao: 0.050471
Media vazao: 2.039716

Numero de Threads: 4
TIME_ARRAY:0.041975 0.041076 0.049225 0.044123 0.045117 0.043114 0.045352 0.042082 0.042202 0.046469
THROUGHPUT_ARRAY:2.382388 2.434533 2.031489 2.266367 2.216446 2.319454 2.204979 2.376323 2.369562 2.151956
Media tempo de execucao: 0.044074
Media vazao: 2.275350

Numero de Threads: 5
TIME_ARRAY:0.045916 0.049967 0.046845 0.045978 0.046549 0.046590 0.046524 0.049917 0.054545 0.049016
THROUGHPUT_ARRAY:2.177873 2.001312 2.134717 2.174976 2.148270 2.146380 2.149436 2.003327 1.833335 2.040170
Media tempo de execucao: 0.048185
Media vazao: 2.080980

Numero de Threads: 6
TIME_ARRAY:0.044379 0.044941 0.045066 0.045053 0.042815 0.043803 0.052170 0.045393 0.044445 0.045659
THROUGHPUT_ARRAY:2.253334 2.225164 2.218975 2.219585 2.335651 2.282941 1.916796 2.202965 2.249952 2.190138
Media tempo de execucao: 0.045372
Media vazao: 2.209550

Numero de Threads: 7
TIME_ARRAY:0.046472 0.045452 0.046353 0.043751 0.046030 0.043711 0.043715 0.043853 0.043805 0.046356
THROUGHPUT_ARRAY:2.151822 2.200117 2.157369 2.285657 2.172480 2.287741 2.287540 2.280331 2.282847 2.157239
Media tempo de execucao: 0.044950
Media vazao: 2.226314

Numero de Threads: 8
TIME_ARRAY:0.042572 0.043162 0.043642 0.043314 0.043954 0.049259 0.043140 0.050593 0.042636 0.048765
THROUGHPUT_ARRAY:2.348935 2.316832 2.291358 2.308707 2.275099 2.030087 2.318011 1.976543 2.345428 2.050662
Media tempo de execucao: 0.045104
Media vazao: 2.226166